#
# A fatal error has been detected by the Java Runtime Environment:
#
#  EXCEPTION_ACCESS_VIOLATION (0xc0000005) at pc=0x0000000057cd9b04, pid=27620, tid=0x000000000000183c
#
# JRE version: Java(TM) SE Runtime Environment (8.0_171-b11) (build 1.8.0_171-b11)
# Java VM: Java HotSpot(TM) 64-Bit Server VM (25.171-b11 mixed mode windows-amd64 compressed oops)
# Problematic frame:
# V  [jvm.dll+0x149b04]
#
# Failed to write core dump. Minidumps are not enabled by default on client versions of Windows
#
# If you would like to submit a bug report, please visit:
#   http://bugreport.java.com/bugreport/crash.jsp
#

---------------  T H R E A D  ---------------

Current thread (0x0000000020021000):  JavaThread "JavaFX Application Thread" [_thread_in_vm, id=6204, stack(0x0000000021350000,0x0000000021450000)]

siginfo: ExceptionCode=0xc0000005, reading address 0x0000002800000034

Registers:
RAX=0x0000000020032560, RBX=0x0000000020026aa0, RCX=0x000000002144c9e0, RDX=0x0000002800000010
RSP=0x000000002144c970, RBP=0x000000002144ca70, RSI=0x00000007c0000f28, RDI=0x0000000000000000
R8 =0x0000000020042360, R9 =0x0000000000000001, R10=0x0000000000000000, R11=0x0000000000000246
R12=0x00000000200137e0, R13=0x0000000020021000, R14=0x000000001e332f40, R15=0x000000002144cb30
RIP=0x0000000057cd9b04, EFLAGS=0x0000000000010283

Top of Stack: (sp=0x000000002144c970)
0x000000002144c970:   0000000020021000 0000000000000000
0x000000002144c980:   0000000000000000 0000000000000000
0x000000002144c990:   00007ffb492ef590 00007ffb4649c62c
0x000000002144c9a0:   0000000000000002 00000007c0000f28
0x000000002144c9b0:   0000000020021000 000000001e333328
0x000000002144c9c0:   000000002144cb60 00000000000003d8
0x000000002144c9d0:   000000001e332f50 00000000200211f8
0x000000002144c9e0:   0000000000000000 0000000000000000
0x000000002144c9f0:   0000000040000000 00007ffb4649c62c
0x000000002144ca00:   00000000c0000388 00007ffb492ef590
0x000000002144ca10:   00000000001e2b50 0000000080000000
0x000000002144ca20:   0000000000000006 000000001ffc66a0
0x000000002144ca30:   0000000000000000 00007ffb00000001
0x000000002144ca40:   0000000000000000 00000000215eaaa0
0x000000002144ca50:   0000000000000008 00007ffb464b00ba
0x000000002144ca60:   0000000016080000 00000000215e01a0 

Instructions: (pc=0x0000000057cd9b04)
0x0000000057cd9ae4:   48 63 0b 8d 41 01 89 03 48 8b 43 18 48 89 34 c8
0x0000000057cd9af4:   eb 05 48 89 7c 24 40 48 8b 56 08 48 8d 4c 24 70
0x0000000057cd9b04:   0f b7 42 24 48 8b 52 08 48 8b 54 c2 50 e8 9a d2
0x0000000057cd9b14:   0e 00 4c 8d 1d 9b fa 4a 00 48 8d 54 24 38 48 8d 


Register to memory mapping:

RAX=0x0000000020032560 is an unknown value
RBX=0x0000000020026aa0 is an unknown value
RCX=0x000000002144c9e0 is pointing into the stack for thread: 0x0000000020021000
RDX=0x0000002800000010 is an unknown value
RSP=0x000000002144c970 is pointing into the stack for thread: 0x0000000020021000
RBP=0x000000002144ca70 is pointing into the stack for thread: 0x0000000020021000
RSI=0x00000007c0000f28 is pointing into metadata
RDI=0x0000000000000000 is an unknown value
R8 =0x0000000020042360 is a global jni handle
R9 =0x0000000000000001 is an unknown value
R10=0x0000000000000000 is an unknown value
R11=0x0000000000000246 is an unknown value
R12=0x00000000200137e0 is an unknown value
R13=0x0000000020021000 is a thread
R14=0x000000001e332f40 is an unknown value
R15=0x000000002144cb30 is pointing into the stack for thread: 0x0000000020021000


Stack: [0x0000000021350000,0x0000000021450000],  sp=0x000000002144c970,  free space=1010k
Native frames: (J=compiled Java code, j=interpreted, Vv=VM code, C=native code)
V  [jvm.dll+0x149b04]
V  [jvm.dll+0x14f758]
C  [glass.dll+0x4f0c]
C  [glass.dll+0xa4bc]
C  [glass.dll+0x1848]
C  [USER32.dll+0xc906]
C  [USER32.dll+0xbf58]
C  [USER32.dll+0xbcd8]
C  [glass.dll+0x1a067]
C  0x0000000002f88c67

Java frames: (J=compiled Java code, j=interpreted, Vv=VM code)
j  com.sun.glass.ui.win.WinView._exitFullscreen(JZ)V+0
j  com.sun.glass.ui.View.exitFullscreen(Z)V+13
j  com.sun.javafx.tk.quantum.WindowStage.applyFullScreen()V+322
j  com.sun.javafx.tk.quantum.WindowStage.setFullScreen(Z)V+50
j  com.sun.javafx.tk.quantum.WindowStage.exitFullScreen()V+2
j  com.sun.javafx.tk.quantum.WindowStage.setScene(Lcom/sun/javafx/tk/TKScene;)V+12
j  javafx.stage.Window$SceneModel.updatePeerScene(Lcom/sun/javafx/tk/TKScene;)V+18
j  javafx.stage.Window$SceneModel.invalidated()V+35
J 4094 C2 javafx.beans.property.ObjectPropertyBase.set(Ljava/lang/Object;)V (110 bytes) @ 0x0000000003090ae4 [0x0000000003090a60+0x84]
j  javafx.stage.Window.setScene(Ljavafx/scene/Scene;)V+5
j  javafx.stage.Stage.setScene(Ljavafx/scene/Scene;)V+8
j  game.TowerDefenseView$2.changed(Ljavafx/beans/value/ObservableValue;Ljava/lang/Number;Ljava/lang/Number;)V+95
j  game.TowerDefenseView$2.changed(Ljavafx/beans/value/ObservableValue;Ljava/lang/Object;Ljava/lang/Object;)V+13
j  com.sun.javafx.binding.ExpressionHelper$SingleChange.fireValueChangedEvent()V+71
J 4497 C1 javafx.beans.property.IntegerPropertyBase.fireValueChangedEvent()V (8 bytes) @ 0x00000000032fe74c [0x00000000032fe5c0+0x18c]
J 4775 C2 javafx.beans.property.IntegerPropertyBase.set(I)V (110 bytes) @ 0x00000000039995e4 [0x0000000003999560+0x84]
j  javafx.beans.property.IntegerProperty.setValue(Ljava/lang/Number;)V+32
j  viewable.gameObjects.Player.damageTaken(I)V+13
j  game.TowerDefenseController.damageOther(Lviewable/gameObjects/Minion;)V+43
J 4373 C1 game.TowerDefenseView.lambda$13(Lviewable/gameObjects/Minion;IILjava/util/List;ILjava/util/List;Ljava/util/List;IILjavafx/event/ActionEvent;)V (152 bytes) @ 0x0000000003e50fbc [0x0000000003e50700+0x8bc]
J 4372 C1 game.TowerDefenseView$$Lambda$302.handle(Ljavafx/event/Event;)V (48 bytes) @ 0x00000000032b2c24 [0x00000000032b2a40+0x1e4]
J 4091 C2 com.sun.scenario.animation.shared.TimelineClipCore.playTo(J)V (353 bytes) @ 0x00000000031a132c [0x00000000031a0d80+0x5ac]
J 4061 C2 javafx.animation.Timeline.impl_playTo(JJ)V (9 bytes) @ 0x0000000003d35fe4 [0x0000000003d35fa0+0x44]
J 4575 C2 javafx.animation.Animation$1$$Lambda$115.run()Ljava/lang/Object; (12 bytes) @ 0x000000000321d918 [0x000000000321d7c0+0x158]
v  ~StubRoutines::call_stub
J 1097  java.security.AccessController.doPrivileged(Ljava/security/PrivilegedAction;Ljava/security/AccessControlContext;)Ljava/lang/Object; (0 bytes) @ 0x000000000333fd66 [0x000000000333fd00+0x66]
J 4642 C2 com.sun.glass.ui.InvokeLaterDispatcher$Future.run()V (91 bytes) @ 0x00000000035e6d34 [0x00000000035e5c60+0x10d4]
v  ~StubRoutines::call_stub
j  com.sun.glass.ui.win.WinApplication._runLoop(Ljava/lang/Runnable;)V+0
j  com.sun.glass.ui.win.WinApplication.lambda$null$147(ILjava/lang/Runnable;)V+8
j  com.sun.glass.ui.win.WinApplication$$Lambda$39.run()V+12
j  java.lang.Thread.run()V+11
v  ~StubRoutines::call_stub

---------------  P R O C E S S  ---------------

Java Threads: ( => current thread )
  0x000000002c4c5000 JavaThread "Thread-11" [_thread_in_Java, id=3088, stack(0x000000003a020000,0x000000003a120000)]
  0x000000002c1d0000 JavaThread "Thread-5" [_thread_in_native, id=15348, stack(0x0000000038a50000,0x0000000038b50000)]
  0x0000000020738800 JavaThread "Prism Font Disposer" daemon [_thread_blocked, id=19604, stack(0x000000002f1d0000,0x000000002f2d0000)]
  0x000000002010b000 JavaThread "Thread-3" daemon [_thread_in_native, id=19000, stack(0x000000002bc50000,0x000000002bd50000)]
=>0x0000000020021000 JavaThread "JavaFX Application Thread" [_thread_in_vm, id=6204, stack(0x0000000021350000,0x0000000021450000)]
  0x000000002001d800 JavaThread "Thread-2" daemon [_thread_blocked, id=22028, stack(0x0000000021250000,0x0000000021350000)]
  0x0000000020002000 JavaThread "QuantumRenderer-0" daemon [_thread_blocked, id=25836, stack(0x0000000020a40000,0x0000000020b40000)]
  0x000000001ffc8000 JavaThread "JavaFX-Launcher" [_thread_blocked, id=15452, stack(0x0000000020780000,0x0000000020880000)]
  0x000000001e3bf000 JavaThread "Service Thread" daemon [_thread_blocked, id=26736, stack(0x000000001fd80000,0x000000001fe80000)]
  0x000000001e336800 JavaThread "C1 CompilerThread3" daemon [_thread_blocked, id=19620, stack(0x000000001fc80000,0x000000001fd80000)]
  0x000000001e336000 JavaThread "C2 CompilerThread2" daemon [_thread_blocked, id=20224, stack(0x000000001fb80000,0x000000001fc80000)]
  0x000000001e331000 JavaThread "C2 CompilerThread1" daemon [_thread_blocked, id=23884, stack(0x000000001fa80000,0x000000001fb80000)]
  0x000000001e32a800 JavaThread "C2 CompilerThread0" daemon [_thread_blocked, id=15940, stack(0x000000001f980000,0x000000001fa80000)]
  0x000000001e31e000 JavaThread "Attach Listener" daemon [_thread_blocked, id=22568, stack(0x000000001f880000,0x000000001f980000)]
  0x000000001e31d000 JavaThread "Signal Dispatcher" daemon [_thread_blocked, id=18608, stack(0x000000001f780000,0x000000001f880000)]
  0x000000001e313000 JavaThread "Finalizer" daemon [_thread_blocked, id=15716, stack(0x000000001f580000,0x000000001f680000)]
  0x0000000002f6a000 JavaThread "Reference Handler" daemon [_thread_blocked, id=24224, stack(0x000000001f480000,0x000000001f580000)]
  0x0000000002e72800 JavaThread "main" [_thread_blocked, id=25260, stack(0x0000000002d70000,0x0000000002e70000)]

Other Threads:
  0x000000001cc36800 VMThread [stack: 0x000000001f380000,0x000000001f480000] [id=14556]
  0x000000001e3d4000 WatcherThread [stack: 0x000000001fe80000,0x000000001ff80000] [id=19784]

VM state:not at safepoint (normal execution)

VM Mutex/Monitor currently owned by a thread: None

Heap:
 PSYoungGen      total 76288K, used 73523K [0x000000076ad80000, 0x0000000770280000, 0x00000007c0000000)
  eden space 65536K, 95% used [0x000000076ad80000,0x000000076ead3130,0x000000076ed80000)
  from space 10752K, 99% used [0x000000076f800000,0x0000000770279ce0,0x0000000770280000)
  to   space 10752K, 0% used [0x000000076ed80000,0x000000076ed80000,0x000000076f800000)
 ParOldGen       total 175104K, used 98928K [0x00000006c0800000, 0x00000006cb300000, 0x000000076ad80000)
  object space 175104K, 56% used [0x00000006c0800000,0x00000006c689c340,0x00000006cb300000)
 Metaspace       used 18487K, capacity 19722K, committed 20096K, reserved 1067008K
  class space    used 2560K, capacity 2823K, committed 2944K, reserved 1048576K

Card table byte_map: [0x0000000012330000,0x0000000012b30000] byte_map_base: 0x000000000ed2c000

Marking Bits: (ParMarkBitMap*) 0x00000000583b08c0
 Begin Bits: [0x0000000013a90000, 0x0000000017a70000)
 End Bits:   [0x0000000017a70000, 0x000000001ba50000)

Polling page: 0x0000000000bc0000

CodeCache: size=245760Kb used=14571Kb max_used=15206Kb free=231188Kb
 bounds [0x0000000002f70000, 0x0000000003e90000, 0x0000000011f70000]
 total_blobs=4831 nmethods=4158 adapters=584
 compilation: enabled

Compilation events (10 events):
Event: 66.416 Thread 0x000000001e336800 nmethod 4868 0x0000000003a0bb90 code [0x0000000003a0bce0, 0x0000000003a0bdf0]
Event: 66.416 Thread 0x000000001e336800 4869       3       java.lang.Boolean::<init> (10 bytes)
Event: 66.417 Thread 0x000000001e336800 nmethod 4869 0x0000000003958a50 code [0x0000000003958ba0, 0x0000000003958d50]
Event: 66.417 Thread 0x000000001e336800 4871       3       java.util.Arrays::equals (54 bytes)
Event: 66.417 Thread 0x000000001e336800 nmethod 4871 0x000000000349a610 code [0x000000000349a780, 0x000000000349aaf0]
Event: 66.417 Thread 0x000000001e336800 4870   !   3       sun.reflect.GeneratedMethodAccessor1::invoke (130 bytes)
Event: 66.417 Thread 0x000000001e336800 nmethod 4870 0x00000000033107d0 code [0x0000000003310a40, 0x0000000003311cc8]
Event: 66.417 Thread 0x000000001e32a800 nmethod 4866 0x0000000003242e50 code [0x0000000003242fa0, 0x0000000003243138]
Event: 66.420 Thread 0x000000001e336800 4872       3       com.sun.scenario.animation.shared.TimelineClipCore::playTo (353 bytes)
Event: 66.420 Thread 0x000000001e336800 nmethod 4872 0x0000000003969c90 code [0x0000000003969f00, 0x000000000396adf8]

GC Heap History (8 events):
Event: 0.674 GC heap before
{Heap before GC invocations=1 (full 0):
 PSYoungGen      total 76288K, used 65508K [0x000000076ad80000, 0x0000000770280000, 0x00000007c0000000)
  eden space 65536K, 99% used [0x000000076ad80000,0x000000076ed79140,0x000000076ed80000)
  from space 10752K, 0% used [0x000000076f800000,0x000000076f800000,0x0000000770280000)
  to   space 10752K, 0% used [0x000000076ed80000,0x000000076ed80000,0x000000076f800000)
 ParOldGen       total 175104K, used 0K [0x00000006c0800000, 0x00000006cb300000, 0x000000076ad80000)
  object space 175104K, 0% used [0x00000006c0800000,0x00000006c0800000,0x00000006cb300000)
 Metaspace       used 8324K, capacity 8874K, committed 8960K, reserved 1056768K
  class space    used 1111K, capacity 1235K, committed 1280K, reserved 1048576K
Event: 0.679 GC heap after
Heap after GC invocations=1 (full 0):
 PSYoungGen      total 76288K, used 10723K [0x000000076ad80000, 0x0000000770280000, 0x00000007c0000000)
  eden space 65536K, 0% used [0x000000076ad80000,0x000000076ad80000,0x000000076ed80000)
  from space 10752K, 99% used [0x000000076ed80000,0x000000076f7f8f70,0x000000076f800000)
  to   space 10752K, 0% used [0x000000076f800000,0x000000076f800000,0x0000000770280000)
 ParOldGen       total 175104K, used 30031K [0x00000006c0800000, 0x00000006cb300000, 0x000000076ad80000)
  object space 175104K, 17% used [0x00000006c0800000,0x00000006c2553f70,0x00000006cb300000)
 Metaspace       used 8324K, capacity 8874K, committed 8960K, reserved 1056768K
  class space    used 1111K, capacity 1235K, committed 1280K, reserved 1048576K
}
Event: 4.347 GC heap before
{Heap before GC invocations=2 (full 0):
 PSYoungGen      total 76288K, used 76259K [0x000000076ad80000, 0x0000000770280000, 0x00000007c0000000)
  eden space 65536K, 100% used [0x000000076ad80000,0x000000076ed80000,0x000000076ed80000)
  from space 10752K, 99% used [0x000000076ed80000,0x000000076f7f8f70,0x000000076f800000)
  to   space 10752K, 0% used [0x000000076f800000,0x000000076f800000,0x0000000770280000)
 ParOldGen       total 175104K, used 30031K [0x00000006c0800000, 0x00000006cb300000, 0x000000076ad80000)
  object space 175104K, 17% used [0x00000006c0800000,0x00000006c2553f70,0x00000006cb300000)
 Metaspace       used 15196K, capacity 15854K, committed 16128K, reserved 1062912K
  class space    used 2100K, capacity 2265K, committed 2304K, reserved 1048576K
Event: 4.357 GC heap after
Heap after GC invocations=2 (full 0):
 PSYoungGen      total 76288K, used 10730K [0x000000076ad80000, 0x0000000770280000, 0x00000007c0000000)
  eden space 65536K, 0% used [0x000000076ad80000,0x000000076ad80000,0x000000076ed80000)
  from space 10752K, 99% used [0x000000076f800000,0x000000077027a8a0,0x0000000770280000)
  to   space 10752K, 0% used [0x000000076ed80000,0x000000076ed80000,0x000000076f800000)
 ParOldGen       total 175104K, used 64136K [0x00000006c0800000, 0x00000006cb300000, 0x000000076ad80000)
  object space 175104K, 36% used [0x00000006c0800000,0x00000006c46a2020,0x00000006cb300000)
 Metaspace       used 15196K, capacity 15854K, committed 16128K, reserved 1062912K
  class space    used 2100K, capacity 2265K, committed 2304K, reserved 1048576K
}
Event: 9.371 GC heap before
{Heap before GC invocations=3 (full 0):
 PSYoungGen      total 76288K, used 76266K [0x000000076ad80000, 0x0000000770280000, 0x00000007c0000000)
  eden space 65536K, 100% used [0x000000076ad80000,0x000000076ed80000,0x000000076ed80000)
  from space 10752K, 99% used [0x000000076f800000,0x000000077027a8a0,0x0000000770280000)
  to   space 10752K, 0% used [0x000000076ed80000,0x000000076ed80000,0x000000076f800000)
 ParOldGen       total 175104K, used 64136K [0x00000006c0800000, 0x00000006cb300000, 0x000000076ad80000)
  object space 175104K, 36% used [0x00000006c0800000,0x00000006c46a2020,0x00000006cb300000)
 Metaspace       used 17872K, capacity 19026K, committed 19200K, reserved 1064960K
  class space    used 2536K, capacity 2763K, committed 2816K, reserved 1048576K
Event: 9.382 GC heap after
Heap after GC invocations=3 (full 0):
 PSYoungGen      total 76288K, used 10721K [0x000000076ad80000, 0x0000000770280000, 0x00000007c0000000)
  eden space 65536K, 0% used [0x000000076ad80000,0x000000076ad80000,0x000000076ed80000)
  from space 10752K, 99% used [0x000000076ed80000,0x000000076f7f8420,0x000000076f800000)
  to   space 10752K, 0% used [0x000000076f800000,0x000000076f800000,0x0000000770280000)
 ParOldGen       total 175104K, used 95273K [0x00000006c0800000, 0x00000006cb300000, 0x000000076ad80000)
  object space 175104K, 54% used [0x00000006c0800000,0x00000006c650a4e0,0x00000006cb300000)
 Metaspace       used 17872K, capacity 19026K, committed 19200K, reserved 1064960K
  class space    used 2536K, capacity 2763K, committed 2816K, reserved 1048576K
}
Event: 53.805 GC heap before
{Heap before GC invocations=4 (full 0):
 PSYoungGen      total 76288K, used 76257K [0x000000076ad80000, 0x0000000770280000, 0x00000007c0000000)
  eden space 65536K, 100% used [0x000000076ad80000,0x000000076ed80000,0x000000076ed80000)
  from space 10752K, 99% used [0x000000076ed80000,0x000000076f7f8420,0x000000076f800000)
  to   space 10752K, 0% used [0x000000076f800000,0x000000076f800000,0x0000000770280000)
 ParOldGen       total 175104K, used 95273K [0x00000006c0800000, 0x00000006cb300000, 0x000000076ad80000)
  object space 175104K, 54% used [0x00000006c0800000,0x00000006c650a4e0,0x00000006cb300000)
 Metaspace       used 18457K, capacity 19658K, committed 19840K, reserved 1067008K
  class space    used 2559K, capacity 2823K, committed 2944K, reserved 1048576K
Event: 53.811 GC heap after
Heap after GC invocations=4 (full 0):
 PSYoungGen      total 76288K, used 10727K [0x000000076ad80000, 0x0000000770280000, 0x00000007c0000000)
  eden space 65536K, 0% used [0x000000076ad80000,0x000000076ad80000,0x000000076ed80000)
  from space 10752K, 99% used [0x000000076f800000,0x0000000770279ce0,0x0000000770280000)
  to   space 10752K, 0% used [0x000000076ed80000,0x000000076ed80000,0x000000076f800000)
 ParOldGen       total 175104K, used 98928K [0x00000006c0800000, 0x00000006cb300000, 0x000000076ad80000)
  object space 175104K, 56% used [0x00000006c0800000,0x00000006c689c340,0x00000006cb300000)
 Metaspace       used 18457K, capacity 19658K, committed 19840K, reserved 1067008K
  class space    used 2559K, capacity 2823K, committed 2944K, reserved 1048576K
}

Deoptimization events (10 events):
Event: 66.415 Thread 0x0000000020021000 Uncommon trap: reason=unstable_if action=reinterpret pc=0x00000000035d6864 method=java.util.HashMap$HashIterator.<init>(Ljava/util/HashMap;)V @ 45
Event: 66.416 Thread 0x0000000020021000 Uncommon trap: reason=speculate_class_check action=maybe_recompile pc=0x00000000034c9a4c method=javafx.scene.Node.notifyParentsOfInvalidatedCSS()V @ 38
Event: 66.417 Thread 0x0000000020021000 Uncommon trap: reason=bimorphic action=maybe_recompile pc=0x0000000003ccfda4 method=javafx.scene.layout.Region.computeChildPrefAreaWidth(Ljavafx/scene/Node;DLjavafx/geometry/Insets;DZ)D @ 70
Event: 66.420 Thread 0x0000000020021000 Uncommon trap: reason=unstable_if action=reinterpret pc=0x00000000031e0d6c method=javafx.stage.Window$TKBoundsConfigurator.apply()V @ 4
Event: 66.420 Thread 0x0000000020021000 Uncommon trap: reason=unstable_if action=reinterpret pc=0x000000000332131c method=javafx.scene.Scene$ScenePulseListener.pulse()V @ 24
Event: 66.420 Thread 0x0000000020021000 Uncommon trap: reason=unstable_if action=reinterpret pc=0x00000000035a108c method=javafx.scene.Scene$ScenePulseListener.synchronizeSceneNodes()V @ 18
Event: 66.420 Thread 0x0000000020021000 Uncommon trap: reason=unstable_if action=reinterpret pc=0x00000000033bbc20 method=com.sun.javafx.sg.prism.NGNode.markTreeDirtyNoIncrement()V @ 4
Event: 66.422 Thread 0x0000000020002000 Uncommon trap: reason=unstable_if action=reinterpret pc=0x0000000003af66b8 method=java.lang.Math.round(F)I @ 36
Event: 66.425 Thread 0x0000000020021000 Uncommon trap: reason=unstable_if action=reinterpret pc=0x00000000035166fc method=com.sun.scenario.animation.AbstractMasterTimer.removePulseReceiver(Lcom/sun/scenario/animation/shared/PulseReceiver;)V @ 33
Event: 66.429 Thread 0x0000000020002000 Uncommon trap: reason=unstable_if action=reinterpret pc=0x0000000003a0fcc4 method=java.lang.Math.round(F)I @ 36

Classes redefined (0 events):
No events

Internal exceptions (10 events):
Event: 7.835 Thread 0x000000002c1d0000 Exception <a 'java/lang/NoSuchMethodError': <clinit>> (0x000000076e5ccf28) thrown at [C:\re\workspace\8-2-build-windows-amd64-cygwin\jdk8u171\10807\hotspot\src\share\vm\prims\jni.cpp, line 1613]
Event: 7.836 Thread 0x000000002c1d0000 Exception <a 'java/lang/NoSuchMethodError': <clinit>> (0x000000076e5d72b8) thrown at [C:\re\workspace\8-2-build-windows-amd64-cygwin\jdk8u171\10807\hotspot\src\share\vm\prims\jni.cpp, line 1613]
Event: 7.837 Thread 0x000000002c1d0000 Exception <a 'java/lang/NoSuchMethodError': <clinit>> (0x000000076e5e14c8) thrown at [C:\re\workspace\8-2-build-windows-amd64-cygwin\jdk8u171\10807\hotspot\src\share\vm\prims\jni.cpp, line 1613]
Event: 9.397 Thread 0x000000002c1d0000 Exception <a 'java/lang/NoSuchMethodError': <clinit>> (0x000000076b15da40) thrown at [C:\re\workspace\8-2-build-windows-amd64-cygwin\jdk8u171\10807\hotspot\src\share\vm\prims\jni.cpp, line 1613]
Event: 22.942 Thread 0x0000000020021000 Exception <a 'java/lang/NoSuchMethodError': <clinit>> (0x000000076d9df3a0) thrown at [C:\re\workspace\8-2-build-windows-amd64-cygwin\jdk8u171\10807\hotspot\src\share\vm\prims\jni.cpp, line 1613]
Event: 22.943 Thread 0x0000000020021000 Exception <a 'java/lang/NoSuchMethodError': <clinit>> (0x000000076d9e03c0) thrown at [C:\re\workspace\8-2-build-windows-amd64-cygwin\jdk8u171\10807\hotspot\src\share\vm\prims\jni.cpp, line 1613]
Event: 22.944 Thread 0x0000000020002000 Implicit null exception at 0x0000000003b26ed9 to 0x0000000003b27c08
Event: 23.201 Thread 0x0000000020021000 Exception <a 'java/lang/NoSuchMethodError': <clinit>> (0x000000076da25650) thrown at [C:\re\workspace\8-2-build-windows-amd64-cygwin\jdk8u171\10807\hotspot\src\share\vm\prims\jni.cpp, line 1613]
Event: 38.239 Thread 0x0000000020021000 Implicit null exception at 0x000000000396ff6e to 0x0000000003976845
Event: 66.420 Thread 0x0000000020021000 Implicit null exception at 0x00000000033bb586 to 0x00000000033bbc11

Events (10 events):
Event: 66.422 Thread 0x0000000020002000 DEOPT PACKING pc=0x0000000003af66b8 sp=0x0000000020b3e200
Event: 66.422 Thread 0x0000000020002000 DEOPT UNPACKING pc=0x0000000002fb583b sp=0x0000000020b3e0b0 mode 2
Event: 66.422 Executing VM operation: RevokeBias
Event: 66.422 Executing VM operation: RevokeBias done
Event: 66.425 Thread 0x0000000020021000 Uncommon trap: trap_request=0xffffff65 fr.pc=0x00000000035166fc
Event: 66.425 Thread 0x0000000020021000 DEOPT PACKING pc=0x00000000035166fc sp=0x0000000021449c50
Event: 66.425 Thread 0x0000000020021000 DEOPT UNPACKING pc=0x0000000002fb583b sp=0x0000000021449c18 mode 2
Event: 66.429 Thread 0x0000000020002000 Uncommon trap: trap_request=0xffffff65 fr.pc=0x0000000003a0fcc4
Event: 66.429 Thread 0x0000000020002000 DEOPT PACKING pc=0x0000000003a0fcc4 sp=0x0000000020b3e110
Event: 66.429 Thread 0x0000000020002000 DEOPT UNPACKING pc=0x0000000002fb583b sp=0x0000000020b3e098 mode 2


Dynamic libraries:
0x00007ff631770000 - 0x00007ff6317a7000 	C:\Program Files\Java\jre1.8.0_171\bin\javaw.exe
0x00007ffb49250000 - 0x00007ffb4943d000 	C:\WINDOWS\SYSTEM32\ntdll.dll
0x00007ffb46e10000 - 0x00007ffb46ec3000 	C:\WINDOWS\System32\KERNEL32.DLL
0x00007ffb455e0000 - 0x00007ffb45873000 	C:\WINDOWS\System32\KERNELBASE.dll
0x00007ffb467a0000 - 0x00007ffb46843000 	C:\WINDOWS\System32\ADVAPI32.dll
0x00007ffb46f80000 - 0x00007ffb4701e000 	C:\WINDOWS\System32\msvcrt.dll
0x00007ffb46a40000 - 0x00007ffb46ade000 	C:\WINDOWS\System32\sechost.dll
0x00007ffb48ac0000 - 0x00007ffb48be2000 	C:\WINDOWS\System32\RPCRT4.dll
0x00007ffb46490000 - 0x00007ffb46627000 	C:\WINDOWS\System32\USER32.dll
0x00007ffb45880000 - 0x00007ffb458a0000 	C:\WINDOWS\System32\win32u.dll
0x00007ffb47460000 - 0x00007ffb47489000 	C:\WINDOWS\System32\GDI32.dll
0x00007ffb458a0000 - 0x00007ffb45a39000 	C:\WINDOWS\System32\gdi32full.dll
0x00007ffb454c0000 - 0x00007ffb45560000 	C:\WINDOWS\System32\msvcp_win.dll
0x00007ffb45310000 - 0x00007ffb4540a000 	C:\WINDOWS\System32\ucrtbase.dll
0x00007ffb376e0000 - 0x00007ffb37959000 	C:\WINDOWS\WinSxS\amd64_microsoft.windows.common-controls_6595b64144ccf1df_6.0.17763.864_none_05b3441807210760\COMCTL32.dll
0x00007ffb46ae0000 - 0x00007ffb46e0c000 	C:\WINDOWS\System32\combase.dll
0x00007ffb45560000 - 0x00007ffb455de000 	C:\WINDOWS\System32\bcryptPrimitives.dll
0x00007ffb46770000 - 0x00007ffb4679e000 	C:\WINDOWS\System32\IMM32.DLL
0x0000000057410000 - 0x00000000574e2000 	C:\Program Files\Java\jre1.8.0_171\bin\msvcr100.dll
0x0000000057b90000 - 0x0000000058430000 	C:\Program Files\Java\jre1.8.0_171\bin\server\jvm.dll
0x00007ffb469d0000 - 0x00007ffb469d8000 	C:\WINDOWS\System32\PSAPI.DLL
0x00007ffb3cbb0000 - 0x00007ffb3cbb9000 	C:\WINDOWS\SYSTEM32\WSOCK32.dll
0x00007ffb3fc40000 - 0x00007ffb3fc4a000 	C:\WINDOWS\SYSTEM32\VERSION.dll
0x00007ffb3a2f0000 - 0x00007ffb3a314000 	C:\WINDOWS\SYSTEM32\WINMM.dll
0x00007ffb47080000 - 0x00007ffb470ed000 	C:\WINDOWS\System32\WS2_32.dll
0x00007ffb3a2c0000 - 0x00007ffb3a2ed000 	C:\WINDOWS\SYSTEM32\WINMMBASE.dll
0x00007ffb45470000 - 0x00007ffb454ba000 	C:\WINDOWS\System32\cfgmgr32.dll
0x00000000585d0000 - 0x00000000585df000 	C:\Program Files\Java\jre1.8.0_171\bin\verify.dll
0x00000000585a0000 - 0x00000000585c9000 	C:\Program Files\Java\jre1.8.0_171\bin\java.dll
0x0000000058580000 - 0x0000000058596000 	C:\Program Files\Java\jre1.8.0_171\bin\zip.dll
0x00007ffb475c0000 - 0x00007ffb48ab4000 	C:\WINDOWS\System32\SHELL32.dll
0x00007ffb47170000 - 0x00007ffb47218000 	C:\WINDOWS\System32\shcore.dll
0x00007ffb45d20000 - 0x00007ffb4646d000 	C:\WINDOWS\System32\windows.storage.dll
0x00007ffb45240000 - 0x00007ffb45264000 	C:\WINDOWS\System32\profapi.dll
0x00007ffb45290000 - 0x00007ffb452ed000 	C:\WINDOWS\System32\powrprof.dll
0x00007ffb47020000 - 0x00007ffb47072000 	C:\WINDOWS\System32\shlwapi.dll
0x00007ffb45270000 - 0x00007ffb45281000 	C:\WINDOWS\System32\kernel.appcore.dll
0x00007ffb45a40000 - 0x00007ffb45a57000 	C:\WINDOWS\System32\cryptsp.dll
0x0000000000e70000 - 0x0000000000e73000 	C:\Program Files\Java\jre1.8.0_171\bin\api-ms-win-core-console-l1-1-0.dll
0x0000000000e80000 - 0x0000000000e83000 	C:\Program Files\Java\jre1.8.0_171\bin\api-ms-win-core-datetime-l1-1-0.dll
0x00000000013b0000 - 0x00000000013b3000 	C:\Program Files\Java\jre1.8.0_171\bin\api-ms-win-core-debug-l1-1-0.dll
0x0000000002c50000 - 0x0000000002c53000 	C:\Program Files\Java\jre1.8.0_171\bin\api-ms-win-core-errorhandling-l1-1-0.dll
0x0000000002ce0000 - 0x0000000002ce4000 	C:\Program Files\Java\jre1.8.0_171\bin\api-ms-win-core-file-l1-1-0.dll
0x0000000002cf0000 - 0x0000000002cf3000 	C:\Program Files\Java\jre1.8.0_171\bin\api-ms-win-core-file-l1-2-0.dll
0x0000000002d00000 - 0x0000000002d03000 	C:\Program Files\Java\jre1.8.0_171\bin\api-ms-win-core-file-l2-1-0.dll
0x0000000002d10000 - 0x0000000002d13000 	C:\Program Files\Java\jre1.8.0_171\bin\api-ms-win-core-handle-l1-1-0.dll
0x0000000002d20000 - 0x0000000002d23000 	C:\Program Files\Java\jre1.8.0_171\bin\api-ms-win-core-heap-l1-1-0.dll
0x0000000002d30000 - 0x0000000002d33000 	C:\Program Files\Java\jre1.8.0_171\bin\api-ms-win-core-interlocked-l1-1-0.dll
0x0000000002d40000 - 0x0000000002d43000 	C:\Program Files\Java\jre1.8.0_171\bin\api-ms-win-core-libraryloader-l1-1-0.dll
0x0000000002d50000 - 0x0000000002d53000 	C:\Program Files\Java\jre1.8.0_171\bin\api-ms-win-core-localization-l1-2-0.dll
0x0000000020880000 - 0x0000000020883000 	C:\Program Files\Java\jre1.8.0_171\bin\api-ms-win-core-memory-l1-1-0.dll
0x0000000020890000 - 0x0000000020893000 	C:\Program Files\Java\jre1.8.0_171\bin\api-ms-win-core-namedpipe-l1-1-0.dll
0x00000000208a0000 - 0x00000000208a3000 	C:\Program Files\Java\jre1.8.0_171\bin\api-ms-win-core-processenvironment-l1-1-0.dll
0x00000000208b0000 - 0x00000000208b3000 	C:\Program Files\Java\jre1.8.0_171\bin\api-ms-win-core-processthreads-l1-1-0.dll
0x00000000208c0000 - 0x00000000208c3000 	C:\Program Files\Java\jre1.8.0_171\bin\api-ms-win-core-processthreads-l1-1-1.dll
0x00000000208d0000 - 0x00000000208d3000 	C:\Program Files\Java\jre1.8.0_171\bin\api-ms-win-core-profile-l1-1-0.dll
0x00000000208e0000 - 0x00000000208e3000 	C:\Program Files\Java\jre1.8.0_171\bin\api-ms-win-core-rtlsupport-l1-1-0.dll
0x00000000208f0000 - 0x00000000208f3000 	C:\Program Files\Java\jre1.8.0_171\bin\api-ms-win-core-string-l1-1-0.dll
0x0000000020900000 - 0x0000000020903000 	C:\Program Files\Java\jre1.8.0_171\bin\api-ms-win-core-synch-l1-1-0.dll
0x0000000020910000 - 0x0000000020913000 	C:\Program Files\Java\jre1.8.0_171\bin\api-ms-win-core-synch-l1-2-0.dll
0x0000000020920000 - 0x0000000020923000 	C:\Program Files\Java\jre1.8.0_171\bin\api-ms-win-core-sysinfo-l1-1-0.dll
0x0000000020930000 - 0x0000000020933000 	C:\Program Files\Java\jre1.8.0_171\bin\api-ms-win-core-timezone-l1-1-0.dll
0x0000000020940000 - 0x0000000020943000 	C:\Program Files\Java\jre1.8.0_171\bin\api-ms-win-core-util-l1-1-0.dll
0x0000000020950000 - 0x0000000020953000 	C:\Program Files\Java\jre1.8.0_171\bin\api-ms-win-crt-conio-l1-1-0.dll
0x0000000020960000 - 0x0000000020964000 	C:\Program Files\Java\jre1.8.0_171\bin\api-ms-win-crt-convert-l1-1-0.dll
0x0000000020970000 - 0x0000000020973000 	C:\Program Files\Java\jre1.8.0_171\bin\api-ms-win-crt-environment-l1-1-0.dll
0x0000000020980000 - 0x0000000020983000 	C:\Program Files\Java\jre1.8.0_171\bin\api-ms-win-crt-filesystem-l1-1-0.dll
0x0000000020990000 - 0x0000000020993000 	C:\Program Files\Java\jre1.8.0_171\bin\api-ms-win-crt-heap-l1-1-0.dll
0x00000000209a0000 - 0x00000000209a3000 	C:\Program Files\Java\jre1.8.0_171\bin\api-ms-win-crt-locale-l1-1-0.dll
0x00000000209b0000 - 0x00000000209b5000 	C:\Program Files\Java\jre1.8.0_171\bin\api-ms-win-crt-math-l1-1-0.dll
0x00000000209c0000 - 0x00000000209c5000 	C:\Program Files\Java\jre1.8.0_171\bin\api-ms-win-crt-multibyte-l1-1-0.dll
0x00000000209d0000 - 0x00000000209e0000 	C:\Program Files\Java\jre1.8.0_171\bin\api-ms-win-crt-private-l1-1-0.dll
0x00000000209e0000 - 0x00000000209e3000 	C:\Program Files\Java\jre1.8.0_171\bin\api-ms-win-crt-process-l1-1-0.dll
0x00000000209f0000 - 0x00000000209f4000 	C:\Program Files\Java\jre1.8.0_171\bin\api-ms-win-crt-runtime-l1-1-0.dll
0x0000000020a00000 - 0x0000000020a04000 	C:\Program Files\Java\jre1.8.0_171\bin\api-ms-win-crt-stdio-l1-1-0.dll
0x0000000020a10000 - 0x0000000020a14000 	C:\Program Files\Java\jre1.8.0_171\bin\api-ms-win-crt-string-l1-1-0.dll
0x0000000020a20000 - 0x0000000020a23000 	C:\Program Files\Java\jre1.8.0_171\bin\api-ms-win-crt-time-l1-1-0.dll
0x0000000020a30000 - 0x0000000020a33000 	C:\Program Files\Java\jre1.8.0_171\bin\api-ms-win-crt-utility-l1-1-0.dll
0x00007ffb29780000 - 0x00007ffb29876000 	C:\Program Files\Java\jre1.8.0_171\bin\ucrtbase.dll
0x00007ffb382b0000 - 0x00007ffb38301000 	C:\Program Files\Java\jre1.8.0_171\bin\concrt140.dll
0x00007ffb3a000000 - 0x00007ffb3a016000 	C:\Program Files\Java\jre1.8.0_171\bin\VCRUNTIME140.dll
0x00007ffb2b010000 - 0x00007ffb2b0ac000 	C:\Program Files\Java\jre1.8.0_171\bin\MSVCP140.dll
0x00000000577d0000 - 0x00000000577f3000 	C:\Program Files\Java\jre1.8.0_171\bin\prism_d3d.dll
0x00007ffb3cce0000 - 0x00007ffb3ce7e000 	C:\WINDOWS\system32\d3d9.dll
0x00007ffb43720000 - 0x00007ffb4374e000 	C:\WINDOWS\SYSTEM32\dwmapi.dll
0x00007ffb45b40000 - 0x00007ffb45d1b000 	C:\WINDOWS\System32\CRYPT32.dll
0x00007ffb452f0000 - 0x00007ffb45302000 	C:\WINDOWS\System32\MSASN1.dll
0x00007ffb433d0000 - 0x00007ffb4346c000 	C:\WINDOWS\system32\uxtheme.dll
0x00007ffb2f740000 - 0x00007ffb2f82e000 	C:\WINDOWS\System32\DriverStore\FileRepository\nv_dispi.inf_amd64_db678424d2641c3d\nvldumdx.dll
0x00007ffb45410000 - 0x00007ffb45469000 	C:\WINDOWS\System32\WINTRUST.DLL
0x00007ffb46470000 - 0x00007ffb4648d000 	C:\WINDOWS\System32\imagehlp.dll
0x00007ffb445d0000 - 0x00007ffb44603000 	C:\WINDOWS\system32\rsaenh.dll
0x00007ffb45b10000 - 0x00007ffb45b36000 	C:\WINDOWS\System32\bcrypt.dll
0x00007ffb44c80000 - 0x00007ffb44c8c000 	C:\WINDOWS\SYSTEM32\CRYPTBASE.dll
0x00007ffae0220000 - 0x00007ffae16bb000 	C:\WINDOWS\System32\DriverStore\FileRepository\nv_dispi.inf_amd64_db678424d2641c3d\nvd3dumx.dll
0x0000000057780000 - 0x00000000577c9000 	C:\Program Files\Java\jre1.8.0_171\bin\glass.dll
0x00007ffb47490000 - 0x00007ffb475b7000 	C:\WINDOWS\System32\COMDLG32.dll
0x00007ffb47230000 - 0x00007ffb47385000 	C:\WINDOWS\System32\ole32.dll
0x00007ffb47390000 - 0x00007ffb47454000 	C:\WINDOWS\System32\OLEAUT32.dll
0x00007ffb46850000 - 0x00007ffb469bc000 	C:\WINDOWS\System32\MSCTF.dll
0x00007ffb13cd0000 - 0x00007ffb13f96000 	C:\WINDOWS\system32\nvspcap64.dll
0x00007ffb44290000 - 0x00007ffb442c1000 	C:\WINDOWS\SYSTEM32\ntmarta.dll
0x00007ffb43ed0000 - 0x00007ffb43ef2000 	C:\WINDOWS\SYSTEM32\gpapi.dll
0x00007ffb3dee0000 - 0x00007ffb3df0f000 	C:\WINDOWS\SYSTEM32\cryptnet.dll
0x00000000573f0000 - 0x0000000057404000 	C:\Program Files\Java\jre1.8.0_171\bin\javafx_font.dll
0x00007ffb2dce0000 - 0x00007ffb2dfdc000 	C:\WINDOWS\SYSTEM32\dwrite.dll
0x00007ffb46ed0000 - 0x00007ffb46f72000 	C:\WINDOWS\System32\clbcatq.dll
0x00007ffb38d20000 - 0x00007ffb38ed8000 	C:\WINDOWS\SYSTEM32\WindowsCodecs.dll
0x00007ffb205e0000 - 0x00007ffb20636000 	C:\WINDOWS\system32\dataexchange.dll
0x00007ffb42120000 - 0x00007ffb4239e000 	C:\WINDOWS\system32\d3d11.dll
0x00007ffb42990000 - 0x00007ffb42b53000 	C:\WINDOWS\system32\dcomp.dll
0x00007ffb43f50000 - 0x00007ffb44012000 	C:\WINDOWS\system32\dxgi.dll
0x00007ffb434c0000 - 0x00007ffb436cd000 	C:\WINDOWS\system32\twinapi.appcore.dll
0x00007ffb436d0000 - 0x00007ffb436f8000 	C:\WINDOWS\system32\RMCLIENT.dll
0x00007ffb381b0000 - 0x00007ffb381e3000 	C:\Program Files\Common Files\Microsoft Shared\Ink\rtscom.dll
0x00007ffb39510000 - 0x00007ffb395a5000 	C:\WINDOWS\System32\TextInputFramework.dll
0x00007ffb397e0000 - 0x00007ffb39b02000 	C:\WINDOWS\System32\CoreUIComponents.dll
0x00007ffb42ec0000 - 0x00007ffb42fa2000 	C:\WINDOWS\System32\CoreMessaging.dll
0x00007ffb413c0000 - 0x00007ffb41513000 	C:\WINDOWS\SYSTEM32\wintypes.dll
0x00000000573d0000 - 0x00000000573e2000 	C:\Program Files\Java\jre1.8.0_171\bin\prism_common.dll
0x00007ffb418d0000 - 0x00007ffb41a79000 	C:\WINDOWS\system32\propsys.dll
0x00007ffb004f0000 - 0x00007ffb006a5000 	C:\WINDOWS\SYSTEM32\DUI70.dll
0x00007ffb23fe0000 - 0x00007ffb24074000 	C:\WINDOWS\SYSTEM32\DUser.dll
0x00007ffb2d390000 - 0x00007ffb2d434000 	C:\Program Files\Common Files\microsoft shared\ink\tiptsf.dll
0x00007ffb23100000 - 0x00007ffb23145000 	C:\WINDOWS\SYSTEM32\edputil.dll
0x00007ffb1c9f0000 - 0x00007ffb1ce7b000 	C:\WINDOWS\system32\explorerframe.dll
0x00007ffb20570000 - 0x00007ffb205d1000 	C:\Windows\System32\thumbcache.dll
0x00007ffb41840000 - 0x00007ffb418c7000 	C:\WINDOWS\SYSTEM32\policymanager.dll

VM Arguments:
jvm_args: -Dfile.encoding=Cp1252 
java_command: game.TowerDefenseMain
java_class_path (initial): C:\Users\A\git\csc335-towerdef-aramis-ruben-chris-duncan\bin;C:\Users\A\.p2\pool\plugins\org.junit.jupiter.api_5.3.1.v20181005-1442.jar;C:\Users\A\.p2\pool\plugins\org.junit.jupiter.engine_5.3.1.v20181005-1442.jar;C:\Users\A\.p2\pool\plugins\org.junit.jupiter.migrationsupport_5.3.1.v20181005-1442.jar;C:\Users\A\.p2\pool\plugins\org.junit.jupiter.params_5.3.1.v20181005-1442.jar;C:\Users\A\.p2\pool\plugins\org.junit.platform.commons_1.3.1.v20181005-1442.jar;C:\Users\A\.p2\pool\plugins\org.junit.platform.engine_1.3.1.v20181005-1442.jar;C:\Users\A\.p2\pool\plugins\org.junit.platform.launcher_1.3.1.v20181005-1442.jar;C:\Users\A\.p2\pool\plugins\org.junit.platform.runner_1.3.1.v20181005-1442.jar;C:\Users\A\.p2\pool\plugins\org.junit.platform.suite.api_1.3.1.v20181005-1442.jar;C:\Users\A\.p2\pool\plugins\org.junit.vintage.engine_5.3.1.v20181005-1442.jar;C:\Users\A\.p2\pool\plugins\org.opentest4j_1.1.1.v20181005-1442.jar;C:\Users\A\.p2\pool\plugins\org.apiguardian_1.0.0.v20181005-1442.jar;C:\Users\A\.p2\pool\plugins\org.junit_4.12.0.v201504281640\junit.jar;C:\Users\A\.p2\pool\plugins\org.hamcrest.core_1.3.0.v20180420-1519.jar
Launcher Type: SUN_STANDARD

Environment Variables:
JAVA_HOME=C:\Program Files (x86)\Java\jdk1.8.0_192
PATH=C:/Program Files/Java/jre1.8.0_171/bin/server;C:/Program Files/Java/jre1.8.0_171/bin;C:/Program Files/Java/jre1.8.0_171/lib/amd64;C:\Program Files (x86)\Common Files\Intel\Shared Libraries\redist\intel64\compiler;C:\Program Files (x86)\Common Files\Oracle\Java\javapath;C:\Program Files\Microsoft MPI\Bin\;C:\Windows\system32;C:\Windows;C:\Windows\System32\Wbem;C:\Windows\System32\WindowsPowerShell\v1.0\;C:\WINDOWS\system32;C:\WINDOWS;C:\WINDOWS\System32\Wbem;C:\WINDOWS\System32\WindowsPowerShell\v1.0\;C:\WINDOWS\System32\OpenSSH\;C:\Program Files\dotnet\;C:\Program Files\Microsoft SQL Server\130\Tools\Binn\;C:\Program Files (x86)\NVIDIA Corporation\PhysX\Common;C:\Program Files\NVIDIA Corporation\NVIDIA NvDLISR;C:\Program Files\nodejs\;C:\Program Files\PuTTY\;C:\WINDOWS\system32;C:\WINDOWS;C:\WINDOWS\System32\Wbem;C:\WINDOWS\System32\WindowsPowerShell\v1.0\;C:\WINDOWS\System32\OpenSSH\;C:\Program Files\Git\cmd;D:\MATLAB\R2019a\bin;C:\Ruby24-x64\bin;C:\Users\A\AppData\Local\Programs\Python\Python37-32\Scripts\;C:\Users\A\AppData\Local\Programs\Python\Python37-32\;C:\Users\A\AppData\Local\Microsoft\WindowsApps;C:\Users\A\AppData\Roaming\npm;C:\Users\A\AppData\Local\Programs\Microsoft VS Code\bin;C:\Users\A\AppData\Local\Google\Cloud SDK\google-cloud-sdk\bin;C:\Users\A\.dotnet\tools;C:\WINDOWS\system32;
USERNAME=A
OS=Windows_NT
PROCESSOR_IDENTIFIER=Intel64 Family 6 Model 158 Stepping 10, GenuineIntel



---------------  S Y S T E M  ---------------

OS: Windows 10.0 , 64 bit Build 17763 (10.0.17763.475)

CPU:total 12 (initial active 12) (6 cores per cpu, 2 threads per core) family 6 model 158 stepping 10, cmov, cx8, fxsr, mmx, sse, sse2, sse3, ssse3, sse4.1, sse4.2, popcnt, avx, avx2, aes, clmul, erms, rtm, 3dnowpref, lzcnt, ht, tsc, tscinvbit, bmi1, bmi2, adx

Memory: 4k page, physical 16736628k(8852620k free), swap 21403780k(5688620k free)

vm_info: Java HotSpot(TM) 64-Bit Server VM (25.171-b11) for windows-amd64 JRE (1.8.0_171-b11), built on Mar 28 2018 16:06:12 by "java_re" with MS VC++ 10.0 (VS2010)

time: Tue Dec 10 23:08:35 2019
elapsed time: 66 seconds (0d 0h 1m 6s)

